[debug] [2020-02-18T21:36:31.462Z] ----------------------------------------------------------------------
[debug] [2020-02-18T21:36:31.467Z] Command:       C:\Program Files\nodejs\node.exe C:\Users\OWNER\AppData\Roaming\npm\node_modules\firebase-tools\lib\bin\firebase.js init hosting
[debug] [2020-02-18T21:36:31.467Z] CLI Version:   7.13.0
[debug] [2020-02-18T21:36:31.467Z] Platform:      win32
[debug] [2020-02-18T21:36:31.467Z] Node Version:  v12.16.0
[debug] [2020-02-18T21:36:31.473Z] Time:          Tue Feb 18 2020 23:36:31 GMT+0200 (GMT+02:00)
[debug] [2020-02-18T21:36:31.473Z] ----------------------------------------------------------------------
[debug] [2020-02-18T21:36:31.473Z] 
[debug] [2020-02-18T21:36:31.494Z] > command requires scopes: ["email","openid","https://www.googleapis.com/auth/cloudplatformprojects.readonly","https://www.googleapis.com/auth/firebase","https://www.googleapis.com/auth/cloud-platform"]
[debug] [2020-02-18T21:36:31.496Z] > authorizing via signed-in user
[info] 
     ######## #### ########  ######## ########     ###     ######  ########
     ##        ##  ##     ## ##       ##     ##  ##   ##  ##       ##
     ######    ##  ########  ######   ########  #########  ######  ######
     ##        ##  ##    ##  ##       ##     ## ##     ##       ## ##
     ##       #### ##     ## ######## ########  ##     ##  ######  ########

You're about to initialize a Firebase project in this directory:

  C:\Users\OWNER\Desktop\learning-angular\learning-angular-master

[info] 
=== Project Setup
[info] 
[info] First, let's associate this project directory with a Firebase project.
[info] You can create multiple project aliases by running firebase use --add, 
[info] but for now we'll just set up a default project.
[info] 
[debug] [2020-02-18T21:36:44.176Z] > refreshing access token with scopes: ["email","https://www.googleapis.com/auth/cloud-platform","https://www.googleapis.com/auth/cloudplatformprojects.readonly","https://www.googleapis.com/auth/firebase","openid"]
[debug] [2020-02-18T21:36:44.176Z] >>> HTTP REQUEST POST https://www.googleapis.com/oauth2/v3/token  
 <request body omitted>
[debug] [2020-02-18T21:36:44.363Z] <<< HTTP RESPONSE 400
[debug] [2020-02-18T21:36:44.367Z] >>> HTTP REQUEST GET https://firebase.googleapis.com/v1beta1/projects?pageSize=100  
 
[debug] [2020-02-18T21:36:44.547Z] <<< HTTP RESPONSE 401
[debug] [2020-02-18T21:36:44.548Z] <<< HTTP RESPONSE BODY
[debug] [2020-02-18T21:36:44.551Z] HTTP Error: 401, Request had invalid authentication credentials. Expected OAuth 2 access token, login cookie or other valid authentication credential. See https://developers.google.com/identity/sign-in/web/devconsole-project.
[debug] [2020-02-18T21:36:44.713Z] FirebaseError: HTTP Error: 401, Request had invalid authentication credentials. Expected OAuth 2 access token, login cookie or other valid authentication credential. See https://developers.google.com/identity/sign-in/web/devconsole-project.
    at module.exports (C:\Users\OWNER\AppData\Roaming\npm\node_modules\firebase-tools\lib\responseToError.js:38:12)
    at Request._callback (C:\Users\OWNER\AppData\Roaming\npm\node_modules\firebase-tools\lib\api.js:39:35)
    at Request.self.callback (C:\Users\OWNER\AppData\Roaming\npm\node_modules\firebase-tools\node_modules\request\request.js:185:22)
    at Request.emit (events.js:321:20)
    at Request.EventEmitter.emit (domain.js:482:12)
    at Request.<anonymous> (C:\Users\OWNER\AppData\Roaming\npm\node_modules\firebase-tools\node_modules\request\request.js:1154:10)
    at Request.emit (events.js:321:20)
    at Request.EventEmitter.emit (domain.js:482:12)
    at IncomingMessage.<anonymous> (C:\Users\OWNER\AppData\Roaming\npm\node_modules\firebase-tools\node_modules\request\request.js:1076:12)
    at Object.onceWrapper (events.js:427:28)
    at IncomingMessage.emit (events.js:333:22)
    at IncomingMessage.EventEmitter.emit (domain.js:482:12)
    at endReadableNT (_stream_readable.js:1204:12)
    at processTicksAndRejections (internal/process/task_queues.js:84:21)
[error] 
[error] Error: Failed to list Firebase projects. See firebase-debug.log for more info.
[debug] [2020-02-18T21:36:55.204Z] ----------------------------------------------------------------------
[debug] [2020-02-18T21:36:55.207Z] Command:       C:\Program Files\nodejs\node.exe C:\Users\OWNER\AppData\Roaming\npm\node_modules\firebase-tools\lib\bin\firebase.js init hosting
[debug] [2020-02-18T21:36:55.207Z] CLI Version:   7.13.0
[debug] [2020-02-18T21:36:55.207Z] Platform:      win32
[debug] [2020-02-18T21:36:55.207Z] Node Version:  v12.16.0
[debug] [2020-02-18T21:36:55.208Z] Time:          Tue Feb 18 2020 23:36:55 GMT+0200 (GMT+02:00)
[debug] [2020-02-18T21:36:55.208Z] ----------------------------------------------------------------------
[debug] [2020-02-18T21:36:55.208Z] 
[debug] [2020-02-18T21:36:55.218Z] > command requires scopes: ["email","openid","https://www.googleapis.com/auth/cloudplatformprojects.readonly","https://www.googleapis.com/auth/firebase","https://www.googleapis.com/auth/cloud-platform"]
[debug] [2020-02-18T21:36:55.219Z] > authorizing via signed-in user
[info] 
     ######## #### ########  ######## ########     ###     ######  ########
     ##        ##  ##     ## ##       ##     ##  ##   ##  ##       ##
     ######    ##  ########  ######   ########  #########  ######  ######
     ##        ##  ##    ##  ##       ##     ## ##     ##       ## ##
     ##       #### ##     ## ######## ########  ##     ##  ######  ########

You're about to initialize a Firebase project in this directory:

  C:\Users\OWNER\Desktop\learning-angular\learning-angular-master

[info] 
=== Project Setup
[info] 
[info] First, let's associate this project directory with a Firebase project.
[info] You can create multiple project aliases by running firebase use --add, 
[info] but for now we'll just set up a default project.
[info] 
